<?xml version="1.0" encoding="UTF-8"?>
<!-- Generated by org.testng.reporters.JUnitReportReporter -->
<testsuite hostname="Scaletech-GS" failures="0" tests="4" name="learn1.test.SubmitOrderTest" time="21.038" errors="0" timestamp="2023-03-29T11:20:00 IST" skipped="0">
  <testcase classname="learn1.test.SubmitOrderTest" name="OrderHistoryTest" time="4.088"/>
  <system-out/>
  <testcase classname="learn1.test.SubmitOrderTest" name="submitOrder" time="8.291"/>
  <system-out/>
  <testcase classname="learn1.test.SubmitOrderTest" name="submitOrder" time="6.477"/>
  <system-out/>
  <testcase classname="learn1.test.SubmitOrderTest" name="OrderHistoryTest" time="2.182"/>
  <system-out/>
</testsuite> <!-- learn1.test.SubmitOrderTest -->
