<?xml version="1.0" encoding="UTF-8"?>
<!-- Generated by org.testng.reporters.JUnitReportReporter -->
<testsuite hostname="Scaletech-GS" failures="0" tests="4" name="sakhiya.test.SubmitOrderTest" time="22.504" errors="0" timestamp="2023-03-29T16:55:59 IST" skipped="0">
  <testcase classname="sakhiya.test.SubmitOrderTest" name="OrderHistoryTest" time="5.479"/>
  <system-out/>
  <testcase classname="sakhiya.test.SubmitOrderTest" name="OrderHistoryTest" time="1.967"/>
  <system-out/>
  <testcase classname="sakhiya.test.SubmitOrderTest" name="submitOrder" time="6.064"/>
  <system-out/>
  <testcase classname="sakhiya.test.SubmitOrderTest" name="submitOrder" time="8.994"/>
  <system-out/>
</testsuite> <!-- sakhiya.test.SubmitOrderTest -->
